Timer created! - 18/11/15 16:01
schedule 12.0hs - 18/11/15 16:01
TASKER INIT! - 18/11/15 16:01
init_server - 18/11/15 16:01
Response Code : 200 - 18/11/15 16:01
Comunication success...   - 18/11/15 16:01
Response Code : 200 - 18/11/15 16:01
Comunication success...   - 18/11/15 16:01
Existen 6 tickets... - 18/11/15 16:01
verifico el tkt IM483031 en el archivo logs/closed.log - 18/11/15 16:01
verifico el tkt IM00900231 en el archivo logs/closed.log - 18/11/15 16:01
verifico el tkt SD02000357 en el archivo logs/closed.log - 18/11/15 16:01
verifico el tkt IM00900152 en el archivo logs/closed.log - 18/11/15 16:01
verifico el tkt IM00900583 en el archivo logs/closed.log - 18/11/15 16:01
verifico el tkt IM00900379 en el archivo logs/closed.log - 18/11/15 16:01
Response Code : 200 - 18/11/15 16:01
Comunication success...   - 18/11/15 16:01
Response Code : 200 - 18/11/15 16:01
Comunication success...   - 18/11/15 16:01
Response Code : 200 - 18/11/15 16:01
Comunication success...   - 18/11/15 16:01
Response Code : 200 - 18/11/15 16:01
Comunication success...   - 18/11/15 16:01
Response Code : 200 - 18/11/15 16:01
Comunication success...   - 18/11/15 16:01
Response Code : 200 - 18/11/15 16:01
Comunication success...   - 18/11/15 16:01
Quedan 4 tickets luego del filtro... - 18/11/15 16:01
verifico el tkt IM00900231 en el archivo logs/commented.log - 18/11/15 16:01
verifico el tkt IM00900152 en el archivo logs/commented.log - 18/11/15 16:01
verifico el tkt IM00900583 en el archivo logs/commented.log - 18/11/15 16:01
verifico el tkt IM00900379 en el archivo logs/commented.log - 18/11/15 16:01
Response Code : 200 - 18/11/15 16:01
Comunication success...   - 18/11/15 16:01
Se procede a comentar el tkt IM00900231 - 18/11/15 16:01
Response Code : 200 - 18/11/15 16:01
Comunication success...   - 18/11/15 16:01
Se procede a comentar el tkt IM00900152 - 18/11/15 16:01
Response Code : 200 - 18/11/15 16:01
Comunication success...   - 18/11/15 16:01
Se procede a comentar el tkt IM00900583 - 18/11/15 16:01
Response Code : 200 - 18/11/15 16:01
Comunication success...   - 18/11/15 16:01
Se procede a comentar el tkt IM00900379 - 18/11/15 16:01
Waiting... - 18/11/15 16:01
Timer created! - 18/11/15 16:03
schedule 12.0hs - 18/11/15 16:03
TASKER INIT! - 18/11/15 16:03
init_server - 18/11/15 16:03
Response Code : 200 - 18/11/15 16:03
Comunication success...   - 18/11/15 16:03
Response Code : 200 - 18/11/15 16:03
Comunication success...   - 18/11/15 16:03
Existen 6 tickets... - 18/11/15 16:03
verifico el tkt IM483031 en el archivo logs/closed.log - 18/11/15 16:03
verifico el tkt IM00900231 en el archivo logs/closed.log - 18/11/15 16:03
verifico el tkt SD02000357 en el archivo logs/closed.log - 18/11/15 16:03
verifico el tkt IM00900152 en el archivo logs/closed.log - 18/11/15 16:03
verifico el tkt IM00900583 en el archivo logs/closed.log - 18/11/15 16:03
verifico el tkt IM00900379 en el archivo logs/closed.log - 18/11/15 16:03
Response Code : 200 - 18/11/15 16:03
Comunication success...   - 18/11/15 16:03
Comunication fail...socket error  - 18/11/15 16:03
Timer created! - 18/11/15 16:14
schedule 12.0hs - 18/11/15 16:14
TASKER INIT! - 18/11/15 16:14
init_server - 18/11/15 16:14
Response Code : 200 - 18/11/15 16:14
Comunication success...   - 18/11/15 16:14
Response Code : 200 - 18/11/15 16:14
Comunication success...   - 18/11/15 16:14
Existen 6 tickets... - 18/11/15 16:14
verifico el tkt IM483031 en el archivo logs/closed.log - 18/11/15 16:14
verifico el tkt IM00900231 en el archivo logs/closed.log - 18/11/15 16:14
verifico el tkt SD02000357 en el archivo logs/closed.log - 18/11/15 16:14
verifico el tkt IM00900152 en el archivo logs/closed.log - 18/11/15 16:14
verifico el tkt IM00900583 en el archivo logs/closed.log - 18/11/15 16:14
verifico el tkt IM00900379 en el archivo logs/closed.log - 18/11/15 16:14
Response Code : 200 - 18/11/15 16:14
Comunication success...   - 18/11/15 16:14
Response Code : 200 - 18/11/15 16:14
Comunication success...   - 18/11/15 16:14
Response Code : 200 - 18/11/15 16:14
Comunication success...   - 18/11/15 16:14
Response Code : 200 - 18/11/15 16:14
Comunication success...   - 18/11/15 16:14
Response Code : 200 - 18/11/15 16:14
Comunication success...   - 18/11/15 16:14
Response Code : 200 - 18/11/15 16:14
Comunication success...   - 18/11/15 16:14
Quedan 0 tickets luego del filtro... - 18/11/15 16:14
Waiting... - 18/11/15 16:14
Timer created! - 18/11/15 16:15
schedule 12.0hs - 18/11/15 16:15
TASKER INIT! - 18/11/15 16:15
init_server - 18/11/15 16:15
Response Code : 200 - 18/11/15 16:15
Comunication success...   - 18/11/15 16:15
Response Code : 200 - 18/11/15 16:15
Comunication success...   - 18/11/15 16:15
Existen 19 tickets... - 18/11/15 16:15
verifico el tkt IM548946 en el archivo logs/closed.log - 18/11/15 16:15
verifico el tkt IM561094 en el archivo logs/closed.log - 18/11/15 16:15
verifico el tkt IM560292 en el archivo logs/closed.log - 18/11/15 16:15
verifico el tkt IM570927 en el archivo logs/closed.log - 18/11/15 16:15
verifico el tkt IM2000784 en el archivo logs/closed.log - 18/11/15 16:15
verifico el tkt IM571718 en el archivo logs/closed.log - 18/11/15 16:15
verifico el tkt IM571187 en el archivo logs/closed.log - 18/11/15 16:15
verifico el tkt IM0574096 en el archivo logs/closed.log - 18/11/15 16:15
verifico el tkt IM572673 en el archivo logs/closed.log - 18/11/15 16:15
verifico el tkt IM575302 en el archivo logs/closed.log - 18/11/15 16:15
verifico el tkt IM0573957 en el archivo logs/closed.log - 18/11/15 16:15
verifico el tkt IM574117 en el archivo logs/closed.log - 18/11/15 16:15
verifico el tkt IM0575279 en el archivo logs/closed.log - 18/11/15 16:15
verifico el tkt IM 2000203 en el archivo logs/closed.log - 18/11/15 16:15
verifico el tkt IM575293 en el archivo logs/closed.log - 18/11/15 16:15
verifico el tkt IM575296 en el archivo logs/closed.log - 18/11/15 16:15
verifico el tkt IM575266 en el archivo logs/closed.log - 18/11/15 16:15
verifico el tkt IM575297 en el archivo logs/closed.log - 18/11/15 16:15
verifico el tkt IM2000455 en el archivo logs/closed.log - 18/11/15 16:15
Response Code : 200 - 18/11/15 16:15
Comunication success...   - 18/11/15 16:15
Response Code : 200 - 18/11/15 16:16
Comunication success...   - 18/11/15 16:16
Response Code : 200 - 18/11/15 16:16
Comunication success...   - 18/11/15 16:16
Response Code : 200 - 18/11/15 16:16
Comunication success...   - 18/11/15 16:16
Response Code : 200 - 18/11/15 16:16
Comunication success...   - 18/11/15 16:16
Response Code : 200 - 18/11/15 16:16
Comunication success...   - 18/11/15 16:16
Response Code : 200 - 18/11/15 16:16
Comunication success...   - 18/11/15 16:16
Response Code : 200 - 18/11/15 16:16
Comunication success...   - 18/11/15 16:16
Response Code : 200 - 18/11/15 16:16
Comunication success...   - 18/11/15 16:16
Response Code : 200 - 18/11/15 16:16
Comunication success...   - 18/11/15 16:16
Response Code : 200 - 18/11/15 16:16
Comunication success...   - 18/11/15 16:16
Response Code : 200 - 18/11/15 16:16
Comunication success...   - 18/11/15 16:16
Response Code : 200 - 18/11/15 16:16
Comunication success...   - 18/11/15 16:16
Response Code : 400 - 18/11/15 16:16
Comunication success...   - 18/11/15 16:16
Response Code : 200 - 18/11/15 16:16
Comunication success...   - 18/11/15 16:16
Response Code : 200 - 18/11/15 16:16
Comunication success...   - 18/11/15 16:16
Timer created! - 18/11/15 16:20
schedule 12.0hs - 18/11/15 16:20
TASKER INIT! - 18/11/15 16:20
init_server - 18/11/15 16:20
Response Code : 200 - 18/11/15 16:20
Comunication success...   - 18/11/15 16:20
Response Code : 200 - 18/11/15 16:20
Comunication success...   - 18/11/15 16:20
Existen 19 tickets... - 18/11/15 16:20
verifico el tkt IM548946 en el archivo logs/closed.log - 18/11/15 16:20
verifico el tkt IM561094 en el archivo logs/closed.log - 18/11/15 16:20
verifico el tkt IM560292 en el archivo logs/closed.log - 18/11/15 16:20
verifico el tkt IM570927 en el archivo logs/closed.log - 18/11/15 16:20
verifico el tkt IM2000784 en el archivo logs/closed.log - 18/11/15 16:20
verifico el tkt IM571718 en el archivo logs/closed.log - 18/11/15 16:20
verifico el tkt IM571187 en el archivo logs/closed.log - 18/11/15 16:20
verifico el tkt IM0574096 en el archivo logs/closed.log - 18/11/15 16:20
verifico el tkt IM572673 en el archivo logs/closed.log - 18/11/15 16:20
verifico el tkt IM575302 en el archivo logs/closed.log - 18/11/15 16:20
verifico el tkt IM0573957 en el archivo logs/closed.log - 18/11/15 16:20
verifico el tkt IM574117 en el archivo logs/closed.log - 18/11/15 16:20
verifico el tkt IM0575279 en el archivo logs/closed.log - 18/11/15 16:20
verifico el tkt IM 2000203 en el archivo logs/closed.log - 18/11/15 16:20
verifico el tkt IM575293 en el archivo logs/closed.log - 18/11/15 16:20
verifico el tkt IM575296 en el archivo logs/closed.log - 18/11/15 16:20
verifico el tkt IM575266 en el archivo logs/closed.log - 18/11/15 16:20
verifico el tkt IM575297 en el archivo logs/closed.log - 18/11/15 16:20
verifico el tkt IM2000455 en el archivo logs/closed.log - 18/11/15 16:20
Response Code : 200 - 18/11/15 16:20
Comunication success...   - 18/11/15 16:20
Response Code : 200 - 18/11/15 16:20
Comunication success...   - 18/11/15 16:20
Response Code : 200 - 18/11/15 16:20
Comunication success...   - 18/11/15 16:20
Response Code : 200 - 18/11/15 16:20
Comunication success...   - 18/11/15 16:20
Timer created! - 18/11/15 16:38
schedule 12.0hs - 18/11/15 16:38
TASKER INIT! - 18/11/15 16:38
init_server - 18/11/15 16:38
Response Code : 200 - 18/11/15 16:38
Comunication success...   - 18/11/15 16:38
Response Code : 200 - 18/11/15 16:38
Comunication success...   - 18/11/15 16:38
Existen 20 tickets... - 18/11/15 16:38
verifico el tkt IM548946 en el archivo logs/closed.log - 18/11/15 16:38
verifico el tkt IM561094 en el archivo logs/closed.log - 18/11/15 16:38
verifico el tkt IM560292 en el archivo logs/closed.log - 18/11/15 16:38
verifico el tkt IM570927 en el archivo logs/closed.log - 18/11/15 16:38
verifico el tkt IM2000784 en el archivo logs/closed.log - 18/11/15 16:38
verifico el tkt IM571718 en el archivo logs/closed.log - 18/11/15 16:38
verifico el tkt IM571187 en el archivo logs/closed.log - 18/11/15 16:38
verifico el tkt IM0574096 en el archivo logs/closed.log - 18/11/15 16:38
verifico el tkt IM572673 en el archivo logs/closed.log - 18/11/15 16:38
verifico el tkt IM575302 en el archivo logs/closed.log - 18/11/15 16:38
verifico el tkt IM0573957 en el archivo logs/closed.log - 18/11/15 16:38
verifico el tkt IM574117 en el archivo logs/closed.log - 18/11/15 16:38
verifico el tkt IM0575279 en el archivo logs/closed.log - 18/11/15 16:38
verifico el tkt IM 2000203 en el archivo logs/closed.log - 18/11/15 16:38
verifico el tkt IM575293 en el archivo logs/closed.log - 18/11/15 16:38
verifico el tkt IM575296 en el archivo logs/closed.log - 18/11/15 16:38
verifico el tkt IM575266 en el archivo logs/closed.log - 18/11/15 16:38
verifico el tkt IM575297 en el archivo logs/closed.log - 18/11/15 16:38
verifico el tkt IM2000455 en el archivo logs/closed.log - 18/11/15 16:38
verifico el tkt IM2000863 en el archivo logs/closed.log - 18/11/15 16:38
Timer created! - 18/11/15 16:39
schedule 12.0hs - 18/11/15 16:39
TASKER INIT! - 18/11/15 16:39
init_server - 18/11/15 16:39
Response Code : 200 - 18/11/15 16:39
Comunication success...   - 18/11/15 16:39
Response Code : 200 - 18/11/15 16:39
Comunication success...   - 18/11/15 16:39
Existen 50 tickets... - 18/11/15 16:39
verifico el tkt IM548946 en el archivo logs/closed.log - 18/11/15 16:39
verifico el tkt IM561094 en el archivo logs/closed.log - 18/11/15 16:39
verifico el tkt IM560292 en el archivo logs/closed.log - 18/11/15 16:39
verifico el tkt IM0560568 en el archivo logs/closed.log - 18/11/15 16:39
verifico el tkt IM0566430 en el archivo logs/closed.log - 18/11/15 16:39
verifico el tkt IM570927 en el archivo logs/closed.log - 18/11/15 16:39
verifico el tkt IM2000784 en el archivo logs/closed.log - 18/11/15 16:39
verifico el tkt IM0570953 en el archivo logs/closed.log - 18/11/15 16:39
verifico el tkt IM0572125 en el archivo logs/closed.log - 18/11/15 16:39
verifico el tkt IM571718 en el archivo logs/closed.log - 18/11/15 16:39
verifico el tkt IM571187 en el archivo logs/closed.log - 18/11/15 16:39
verifico el tkt IM0572561 en el archivo logs/closed.log - 18/11/15 16:39
verifico el tkt IM0574096 en el archivo logs/closed.log - 18/11/15 16:39
verifico el tkt IM572673 en el archivo logs/closed.log - 18/11/15 16:39
verifico el tkt IM0572373 en el archivo logs/closed.log - 18/11/15 16:39
verifico el tkt IM0573451 en el archivo logs/closed.log - 18/11/15 16:39
verifico el tkt IM02000866 en el archivo logs/closed.log - 18/11/15 16:39
verifico el tkt IM575302 en el archivo logs/closed.log - 18/11/15 16:39
verifico el tkt IM0573786 en el archivo logs/closed.log - 18/11/15 16:39
verifico el tkt IM0573957 en el archivo logs/closed.log - 18/11/15 16:39
verifico el tkt IM0573804 en el archivo logs/closed.log - 18/11/15 16:39
verifico el tkt IM574117 en el archivo logs/closed.log - 18/11/15 16:39
verifico el tkt IM02000858 en el archivo logs/closed.log - 18/11/15 16:39
verifico el tkt IM02000840 en el archivo logs/closed.log - 18/11/15 16:39
verifico el tkt IM02000833 en el archivo logs/closed.log - 18/11/15 16:39
verifico el tkt IM0574369 en el archivo logs/closed.log - 18/11/15 16:39
verifico el tkt IM02000820 en el archivo logs/closed.log - 18/11/15 16:39
verifico el tkt IM0575279 en el archivo logs/closed.log - 18/11/15 16:39
verifico el tkt IM 2000203 en el archivo logs/closed.log - 18/11/15 16:39
verifico el tkt IM0574673 en el archivo logs/closed.log - 18/11/15 16:39
verifico el tkt IM02000750 en el archivo logs/closed.log - 18/11/15 16:39
verifico el tkt IM0575033 en el archivo logs/closed.log - 18/11/15 16:39
verifico el tkt IM575293 en el archivo logs/closed.log - 18/11/15 16:39
verifico el tkt IM00900722 en el archivo logs/closed.log - 18/11/15 16:39
verifico el tkt IM00900717 en el archivo logs/closed.log - 18/11/15 16:39
verifico el tkt IM02000155 en el archivo logs/closed.log - 18/11/15 16:39
verifico el tkt IM02000148 en el archivo logs/closed.log - 18/11/15 16:39
verifico el tkt IM02000026 en el archivo logs/closed.log - 18/11/15 16:39
verifico el tkt IM575296 en el archivo logs/closed.log - 18/11/15 16:39
verifico el tkt IM575266 en el archivo logs/closed.log - 18/11/15 16:39
verifico el tkt IM575297 en el archivo logs/closed.log - 18/11/15 16:39
verifico el tkt IM02000160 en el archivo logs/closed.log - 18/11/15 16:39
verifico el tkt IM02000217 en el archivo logs/closed.log - 18/11/15 16:39
verifico el tkt IM02000735 en el archivo logs/closed.log - 18/11/15 16:39
verifico el tkt IM02000728 en el archivo logs/closed.log - 18/11/15 16:39
verifico el tkt IM2000455 en el archivo logs/closed.log - 18/11/15 16:39
verifico el tkt IM02000712 en el archivo logs/closed.log - 18/11/15 16:39
verifico el tkt IM02000708 en el archivo logs/closed.log - 18/11/15 16:39
verifico el tkt IM02000754 en el archivo logs/closed.log - 18/11/15 16:39
verifico el tkt IM2000863 en el archivo logs/closed.log - 18/11/15 16:39
Timer created! - 18/11/15 16:44
schedule 12.0hs - 18/11/15 16:44
TASKER INIT! - 18/11/15 16:44
init_server - 18/11/15 16:44
Response Code : 200 - 18/11/15 16:44
Comunication success...   - 18/11/15 16:44
Response Code : 200 - 18/11/15 16:44
Comunication success...   - 18/11/15 16:44
Existen 50 tickets... - 18/11/15 16:44
verifico el tkt IM548946 en el archivo logs/closed.log - 18/11/15 16:44
verifico el tkt IM561094 en el archivo logs/closed.log - 18/11/15 16:44
verifico el tkt IM560292 en el archivo logs/closed.log - 18/11/15 16:44
verifico el tkt IM0560568 en el archivo logs/closed.log - 18/11/15 16:44
verifico el tkt IM0566430 en el archivo logs/closed.log - 18/11/15 16:44
verifico el tkt IM570927 en el archivo logs/closed.log - 18/11/15 16:44
verifico el tkt IM2000784 en el archivo logs/closed.log - 18/11/15 16:44
verifico el tkt IM0570953 en el archivo logs/closed.log - 18/11/15 16:44
verifico el tkt IM0572125 en el archivo logs/closed.log - 18/11/15 16:44
verifico el tkt IM571718 en el archivo logs/closed.log - 18/11/15 16:44
verifico el tkt IM571187 en el archivo logs/closed.log - 18/11/15 16:44
verifico el tkt IM0572561 en el archivo logs/closed.log - 18/11/15 16:44
verifico el tkt IM0574096 en el archivo logs/closed.log - 18/11/15 16:44
verifico el tkt IM572673 en el archivo logs/closed.log - 18/11/15 16:44
verifico el tkt IM0572373 en el archivo logs/closed.log - 18/11/15 16:44
verifico el tkt IM0573451 en el archivo logs/closed.log - 18/11/15 16:44
verifico el tkt IM02000866 en el archivo logs/closed.log - 18/11/15 16:44
verifico el tkt IM575302 en el archivo logs/closed.log - 18/11/15 16:44
verifico el tkt IM0573786 en el archivo logs/closed.log - 18/11/15 16:44
verifico el tkt IM0573957 en el archivo logs/closed.log - 18/11/15 16:44
verifico el tkt IM0573804 en el archivo logs/closed.log - 18/11/15 16:44
verifico el tkt IM574117 en el archivo logs/closed.log - 18/11/15 16:44
verifico el tkt IM02000858 en el archivo logs/closed.log - 18/11/15 16:44
verifico el tkt IM02000840 en el archivo logs/closed.log - 18/11/15 16:44
verifico el tkt IM02000833 en el archivo logs/closed.log - 18/11/15 16:44
verifico el tkt IM0574369 en el archivo logs/closed.log - 18/11/15 16:44
verifico el tkt IM02000820 en el archivo logs/closed.log - 18/11/15 16:44
verifico el tkt IM0575279 en el archivo logs/closed.log - 18/11/15 16:44
verifico el tkt IM 2000203 en el archivo logs/closed.log - 18/11/15 16:44
verifico el tkt IM0574673 en el archivo logs/closed.log - 18/11/15 16:44
verifico el tkt IM02000750 en el archivo logs/closed.log - 18/11/15 16:44
verifico el tkt IM0575033 en el archivo logs/closed.log - 18/11/15 16:44
verifico el tkt IM575293 en el archivo logs/closed.log - 18/11/15 16:44
verifico el tkt IM00900722 en el archivo logs/closed.log - 18/11/15 16:44
verifico el tkt IM00900717 en el archivo logs/closed.log - 18/11/15 16:44
verifico el tkt IM02000155 en el archivo logs/closed.log - 18/11/15 16:44
verifico el tkt IM02000148 en el archivo logs/closed.log - 18/11/15 16:44
verifico el tkt IM02000026 en el archivo logs/closed.log - 18/11/15 16:44
verifico el tkt IM575296 en el archivo logs/closed.log - 18/11/15 16:44
verifico el tkt IM575266 en el archivo logs/closed.log - 18/11/15 16:44
verifico el tkt IM575297 en el archivo logs/closed.log - 18/11/15 16:44
verifico el tkt IM02000160 en el archivo logs/closed.log - 18/11/15 16:44
verifico el tkt IM02000217 en el archivo logs/closed.log - 18/11/15 16:44
verifico el tkt IM02000735 en el archivo logs/closed.log - 18/11/15 16:44
verifico el tkt IM02000728 en el archivo logs/closed.log - 18/11/15 16:44
verifico el tkt IM2000455 en el archivo logs/closed.log - 18/11/15 16:44
verifico el tkt IM02000712 en el archivo logs/closed.log - 18/11/15 16:44
verifico el tkt IM02000708 en el archivo logs/closed.log - 18/11/15 16:44
verifico el tkt IM02000754 en el archivo logs/closed.log - 18/11/15 16:44
verifico el tkt IM2000863 en el archivo logs/closed.log - 18/11/15 16:44
Timer created! - 18/11/15 16:55
schedule 12.0hs - 18/11/15 16:55
TASKER INIT! - 18/11/15 16:55
init_server - 18/11/15 16:55
Response Code : 200 - 18/11/15 16:55
Comunication success...   - 18/11/15 16:55
Response Code : 200 - 18/11/15 16:55
Comunication success...   - 18/11/15 16:55
Existen 50 tickets... - 18/11/15 16:55
verifico el tkt IM548946 en el archivo logs/closed.log - 18/11/15 16:55
verifico el tkt IM561094 en el archivo logs/closed.log - 18/11/15 16:55
verifico el tkt IM560292 en el archivo logs/closed.log - 18/11/15 16:55
verifico el tkt IM0560568 en el archivo logs/closed.log - 18/11/15 16:55
verifico el tkt IM0566430 en el archivo logs/closed.log - 18/11/15 16:55
verifico el tkt IM570927 en el archivo logs/closed.log - 18/11/15 16:55
verifico el tkt IM2000784 en el archivo logs/closed.log - 18/11/15 16:55
verifico el tkt IM0570953 en el archivo logs/closed.log - 18/11/15 16:55
verifico el tkt IM0572125 en el archivo logs/closed.log - 18/11/15 16:55
verifico el tkt IM571718 en el archivo logs/closed.log - 18/11/15 16:55
verifico el tkt IM571187 en el archivo logs/closed.log - 18/11/15 16:55
verifico el tkt IM0572561 en el archivo logs/closed.log - 18/11/15 16:55
verifico el tkt IM0574096 en el archivo logs/closed.log - 18/11/15 16:55
verifico el tkt IM572673 en el archivo logs/closed.log - 18/11/15 16:55
verifico el tkt IM0572373 en el archivo logs/closed.log - 18/11/15 16:55
verifico el tkt IM0573451 en el archivo logs/closed.log - 18/11/15 16:55
verifico el tkt IM02000866 en el archivo logs/closed.log - 18/11/15 16:55
verifico el tkt IM575302 en el archivo logs/closed.log - 18/11/15 16:55
verifico el tkt IM0573786 en el archivo logs/closed.log - 18/11/15 16:55
verifico el tkt IM0573957 en el archivo logs/closed.log - 18/11/15 16:55
verifico el tkt IM0573804 en el archivo logs/closed.log - 18/11/15 16:55
verifico el tkt IM574117 en el archivo logs/closed.log - 18/11/15 16:55
verifico el tkt IM02000858 en el archivo logs/closed.log - 18/11/15 16:55
verifico el tkt IM02000840 en el archivo logs/closed.log - 18/11/15 16:55
verifico el tkt IM02000833 en el archivo logs/closed.log - 18/11/15 16:55
verifico el tkt IM0574369 en el archivo logs/closed.log - 18/11/15 16:55
verifico el tkt IM02000820 en el archivo logs/closed.log - 18/11/15 16:55
verifico el tkt IM0575279 en el archivo logs/closed.log - 18/11/15 16:55
verifico el tkt IM 2000203 en el archivo logs/closed.log - 18/11/15 16:55
verifico el tkt IM0574673 en el archivo logs/closed.log - 18/11/15 16:55
verifico el tkt IM02000750 en el archivo logs/closed.log - 18/11/15 16:55
verifico el tkt IM0575033 en el archivo logs/closed.log - 18/11/15 16:55
verifico el tkt IM575293 en el archivo logs/closed.log - 18/11/15 16:55
verifico el tkt IM00900722 en el archivo logs/closed.log - 18/11/15 16:55
verifico el tkt IM00900717 en el archivo logs/closed.log - 18/11/15 16:55
verifico el tkt IM02000155 en el archivo logs/closed.log - 18/11/15 16:55
verifico el tkt IM02000148 en el archivo logs/closed.log - 18/11/15 16:55
verifico el tkt IM02000026 en el archivo logs/closed.log - 18/11/15 16:55
verifico el tkt IM575296 en el archivo logs/closed.log - 18/11/15 16:55
verifico el tkt IM575266 en el archivo logs/closed.log - 18/11/15 16:55
verifico el tkt IM575297 en el archivo logs/closed.log - 18/11/15 16:55
verifico el tkt IM02000160 en el archivo logs/closed.log - 18/11/15 16:55
verifico el tkt IM02000217 en el archivo logs/closed.log - 18/11/15 16:55
verifico el tkt IM02000735 en el archivo logs/closed.log - 18/11/15 16:55
verifico el tkt IM02000728 en el archivo logs/closed.log - 18/11/15 16:55
verifico el tkt IM2000455 en el archivo logs/closed.log - 18/11/15 16:55
verifico el tkt IM02000712 en el archivo logs/closed.log - 18/11/15 16:55
verifico el tkt IM02000708 en el archivo logs/closed.log - 18/11/15 16:55
verifico el tkt IM02000754 en el archivo logs/closed.log - 18/11/15 16:55
verifico el tkt IM2000863 en el archivo logs/closed.log - 18/11/15 16:55
Timer created! - 18/11/15 16:59
schedule 12.0hs - 18/11/15 16:59
TASKER INIT! - 18/11/15 16:59
init_server - 18/11/15 16:59
Response Code : 200 - 18/11/15 16:59
Comunication success...   - 18/11/15 16:59
Response Code : 200 - 18/11/15 16:59
Comunication success...   - 18/11/15 16:59
Existen 51 tickets... - 18/11/15 16:59
verifico el tkt IM548946 en el archivo logs/closed.log - 18/11/15 16:59
verifico el tkt IM561094 en el archivo logs/closed.log - 18/11/15 16:59
verifico el tkt IM560292 en el archivo logs/closed.log - 18/11/15 16:59
verifico el tkt IM0560568 en el archivo logs/closed.log - 18/11/15 16:59
verifico el tkt IM0566430 en el archivo logs/closed.log - 18/11/15 16:59
verifico el tkt IM570927 en el archivo logs/closed.log - 18/11/15 16:59
verifico el tkt IM2000784 en el archivo logs/closed.log - 18/11/15 16:59
verifico el tkt IM0570953 en el archivo logs/closed.log - 18/11/15 16:59
verifico el tkt IM0572125 en el archivo logs/closed.log - 18/11/15 16:59
verifico el tkt IM571718 en el archivo logs/closed.log - 18/11/15 16:59
verifico el tkt IM571187 en el archivo logs/closed.log - 18/11/15 16:59
verifico el tkt IM0572561 en el archivo logs/closed.log - 18/11/15 16:59
verifico el tkt IM0574096 en el archivo logs/closed.log - 18/11/15 16:59
verifico el tkt IM572673 en el archivo logs/closed.log - 18/11/15 16:59
verifico el tkt IM0572373 en el archivo logs/closed.log - 18/11/15 16:59
verifico el tkt IM2000882 en el archivo logs/closed.log - 18/11/15 16:59
verifico el tkt IM0573451 en el archivo logs/closed.log - 18/11/15 16:59
verifico el tkt IM02000866 en el archivo logs/closed.log - 18/11/15 16:59
verifico el tkt IM575302 en el archivo logs/closed.log - 18/11/15 16:59
verifico el tkt IM0573786 en el archivo logs/closed.log - 18/11/15 16:59
verifico el tkt IM0573957 en el archivo logs/closed.log - 18/11/15 16:59
verifico el tkt IM0573804 en el archivo logs/closed.log - 18/11/15 16:59
verifico el tkt IM574117 en el archivo logs/closed.log - 18/11/15 16:59
verifico el tkt IM02000858 en el archivo logs/closed.log - 18/11/15 16:59
verifico el tkt IM02000840 en el archivo logs/closed.log - 18/11/15 16:59
verifico el tkt IM02000833 en el archivo logs/closed.log - 18/11/15 16:59
verifico el tkt IM0574369 en el archivo logs/closed.log - 18/11/15 16:59
verifico el tkt IM02000820 en el archivo logs/closed.log - 18/11/15 16:59
verifico el tkt IM0575279 en el archivo logs/closed.log - 18/11/15 16:59
verifico el tkt IM 2000203 en el archivo logs/closed.log - 18/11/15 16:59
verifico el tkt IM0574673 en el archivo logs/closed.log - 18/11/15 16:59
verifico el tkt IM02000750 en el archivo logs/closed.log - 18/11/15 16:59
verifico el tkt IM0575033 en el archivo logs/closed.log - 18/11/15 16:59
verifico el tkt IM575293 en el archivo logs/closed.log - 18/11/15 16:59
verifico el tkt IM00900722 en el archivo logs/closed.log - 18/11/15 16:59
verifico el tkt IM00900717 en el archivo logs/closed.log - 18/11/15 16:59
verifico el tkt IM02000155 en el archivo logs/closed.log - 18/11/15 16:59
verifico el tkt IM02000148 en el archivo logs/closed.log - 18/11/15 16:59
verifico el tkt IM02000026 en el archivo logs/closed.log - 18/11/15 16:59
verifico el tkt IM575296 en el archivo logs/closed.log - 18/11/15 16:59
verifico el tkt IM575266 en el archivo logs/closed.log - 18/11/15 16:59
verifico el tkt IM575297 en el archivo logs/closed.log - 18/11/15 16:59
verifico el tkt IM02000160 en el archivo logs/closed.log - 18/11/15 16:59
verifico el tkt IM02000217 en el archivo logs/closed.log - 18/11/15 16:59
verifico el tkt IM02000735 en el archivo logs/closed.log - 18/11/15 16:59
verifico el tkt IM02000728 en el archivo logs/closed.log - 18/11/15 16:59
verifico el tkt IM2000455 en el archivo logs/closed.log - 18/11/15 16:59
verifico el tkt IM02000712 en el archivo logs/closed.log - 18/11/15 16:59
verifico el tkt IM02000708 en el archivo logs/closed.log - 18/11/15 16:59
verifico el tkt IM02000754 en el archivo logs/closed.log - 18/11/15 16:59
verifico el tkt IM2000863 en el archivo logs/closed.log - 18/11/15 16:59
Timer created! - 18/11/15 17:16
schedule 12.0hs - 18/11/15 17:16
TASKER INIT! - 18/11/15 17:16
init_server - 18/11/15 17:16
Response Code : 200 - 18/11/15 17:16
Comunication success...   - 18/11/15 17:16
Response Code : 200 - 18/11/15 17:16
Comunication success...   - 18/11/15 17:16
Existen 51 tickets... - 18/11/15 17:16
verifico el tkt IM0548946 en el archivo logs/closed.log - 18/11/15 17:16
verifico el tkt IM0561094 en el archivo logs/closed.log - 18/11/15 17:16
verifico el tkt IM0560292 en el archivo logs/closed.log - 18/11/15 17:16
verifico el tkt IM00560568 en el archivo logs/closed.log - 18/11/15 17:16
verifico el tkt IM00566430 en el archivo logs/closed.log - 18/11/15 17:16
verifico el tkt IM0570927 en el archivo logs/closed.log - 18/11/15 17:16
verifico el tkt IM02000784 en el archivo logs/closed.log - 18/11/15 17:16
verifico el tkt IM00570953 en el archivo logs/closed.log - 18/11/15 17:16
verifico el tkt IM00572125 en el archivo logs/closed.log - 18/11/15 17:16
verifico el tkt IM0571718 en el archivo logs/closed.log - 18/11/15 17:16
verifico el tkt IM0571187 en el archivo logs/closed.log - 18/11/15 17:16
verifico el tkt IM00572561 en el archivo logs/closed.log - 18/11/15 17:16
verifico el tkt IM00574096 en el archivo logs/closed.log - 18/11/15 17:16
verifico el tkt IM0572673 en el archivo logs/closed.log - 18/11/15 17:16
verifico el tkt IM00572373 en el archivo logs/closed.log - 18/11/15 17:16
verifico el tkt IM02000882 en el archivo logs/closed.log - 18/11/15 17:16
verifico el tkt IM00573451 en el archivo logs/closed.log - 18/11/15 17:16
verifico el tkt IM02000866 en el archivo logs/closed.log - 18/11/15 17:16
verifico el tkt IM0575302 en el archivo logs/closed.log - 18/11/15 17:16
verifico el tkt IM00573786 en el archivo logs/closed.log - 18/11/15 17:16
verifico el tkt IM00573957 en el archivo logs/closed.log - 18/11/15 17:16
verifico el tkt IM00573804 en el archivo logs/closed.log - 18/11/15 17:16
verifico el tkt IM0574117 en el archivo logs/closed.log - 18/11/15 17:16
verifico el tkt IM02000858 en el archivo logs/closed.log - 18/11/15 17:16
verifico el tkt IM02000840 en el archivo logs/closed.log - 18/11/15 17:16
verifico el tkt IM02000833 en el archivo logs/closed.log - 18/11/15 17:16
verifico el tkt IM00574369 en el archivo logs/closed.log - 18/11/15 17:16
verifico el tkt IM02000820 en el archivo logs/closed.log - 18/11/15 17:16
verifico el tkt IM00575279 en el archivo logs/closed.log - 18/11/15 17:16
verifico el tkt IM 2000203 en el archivo logs/closed.log - 18/11/15 17:16
verifico el tkt IM00574673 en el archivo logs/closed.log - 18/11/15 17:16
verifico el tkt IM02000750 en el archivo logs/closed.log - 18/11/15 17:16
verifico el tkt IM00575033 en el archivo logs/closed.log - 18/11/15 17:16
verifico el tkt IM0575293 en el archivo logs/closed.log - 18/11/15 17:16
verifico el tkt IM00900722 en el archivo logs/closed.log - 18/11/15 17:16
verifico el tkt IM00900717 en el archivo logs/closed.log - 18/11/15 17:16
verifico el tkt IM02000155 en el archivo logs/closed.log - 18/11/15 17:16
verifico el tkt IM02000148 en el archivo logs/closed.log - 18/11/15 17:16
verifico el tkt IM02000026 en el archivo logs/closed.log - 18/11/15 17:16
verifico el tkt IM0575296 en el archivo logs/closed.log - 18/11/15 17:16
verifico el tkt IM0575266 en el archivo logs/closed.log - 18/11/15 17:16
verifico el tkt IM0575297 en el archivo logs/closed.log - 18/11/15 17:16
verifico el tkt IM02000160 en el archivo logs/closed.log - 18/11/15 17:16
verifico el tkt IM02000217 en el archivo logs/closed.log - 18/11/15 17:16
verifico el tkt IM02000735 en el archivo logs/closed.log - 18/11/15 17:16
verifico el tkt IM02000728 en el archivo logs/closed.log - 18/11/15 17:16
verifico el tkt IM02000455 en el archivo logs/closed.log - 18/11/15 17:16
verifico el tkt IM02000712 en el archivo logs/closed.log - 18/11/15 17:16
verifico el tkt IM02000708 en el archivo logs/closed.log - 18/11/15 17:16
verifico el tkt IM02000754 en el archivo logs/closed.log - 18/11/15 17:16
verifico el tkt IM02000863 en el archivo logs/closed.log - 18/11/15 17:16
Timer created! - 18/11/15 17:18
schedule 12.0hs - 18/11/15 17:18
TASKER INIT! - 18/11/15 17:18
init_server - 18/11/15 17:18
Response Code : 200 - 18/11/15 17:18
Comunication success...   - 18/11/15 17:18
Response Code : 200 - 18/11/15 17:18
Comunication success...   - 18/11/15 17:18
Existen 51 tickets... - 18/11/15 17:18
verifico el tkt IM0548946 en el archivo logs/closed.log - 18/11/15 17:18
verifico el tkt IM0561094 en el archivo logs/closed.log - 18/11/15 17:18
verifico el tkt IM0560292 en el archivo logs/closed.log - 18/11/15 17:18
verifico el tkt IM00560568 en el archivo logs/closed.log - 18/11/15 17:18
verifico el tkt IM00566430 en el archivo logs/closed.log - 18/11/15 17:18
verifico el tkt IM0570927 en el archivo logs/closed.log - 18/11/15 17:18
verifico el tkt IM02000784 en el archivo logs/closed.log - 18/11/15 17:18
verifico el tkt IM00570953 en el archivo logs/closed.log - 18/11/15 17:18
verifico el tkt IM00572125 en el archivo logs/closed.log - 18/11/15 17:18
verifico el tkt IM0571718 en el archivo logs/closed.log - 18/11/15 17:18
verifico el tkt IM0571187 en el archivo logs/closed.log - 18/11/15 17:18
verifico el tkt IM00572561 en el archivo logs/closed.log - 18/11/15 17:18
verifico el tkt IM00574096 en el archivo logs/closed.log - 18/11/15 17:18
verifico el tkt IM0572673 en el archivo logs/closed.log - 18/11/15 17:18
verifico el tkt IM00572373 en el archivo logs/closed.log - 18/11/15 17:18
verifico el tkt IM02000882 en el archivo logs/closed.log - 18/11/15 17:18
verifico el tkt IM00573451 en el archivo logs/closed.log - 18/11/15 17:18
verifico el tkt IM02000866 en el archivo logs/closed.log - 18/11/15 17:18
verifico el tkt IM0575302 en el archivo logs/closed.log - 18/11/15 17:18
verifico el tkt IM00573786 en el archivo logs/closed.log - 18/11/15 17:18
verifico el tkt IM00573957 en el archivo logs/closed.log - 18/11/15 17:18
verifico el tkt IM00573804 en el archivo logs/closed.log - 18/11/15 17:18
verifico el tkt IM0574117 en el archivo logs/closed.log - 18/11/15 17:18
verifico el tkt IM02000858 en el archivo logs/closed.log - 18/11/15 17:18
verifico el tkt IM02000840 en el archivo logs/closed.log - 18/11/15 17:18
verifico el tkt IM02000833 en el archivo logs/closed.log - 18/11/15 17:18
verifico el tkt IM00574369 en el archivo logs/closed.log - 18/11/15 17:18
verifico el tkt IM02000820 en el archivo logs/closed.log - 18/11/15 17:18
verifico el tkt IM00575279 en el archivo logs/closed.log - 18/11/15 17:18
verifico el tkt IM2000203 en el archivo logs/closed.log - 18/11/15 17:18
verifico el tkt IM00574673 en el archivo logs/closed.log - 18/11/15 17:18
verifico el tkt IM02000750 en el archivo logs/closed.log - 18/11/15 17:18
verifico el tkt IM00575033 en el archivo logs/closed.log - 18/11/15 17:18
verifico el tkt IM0575293 en el archivo logs/closed.log - 18/11/15 17:18
verifico el tkt IM00900722 en el archivo logs/closed.log - 18/11/15 17:18
verifico el tkt IM00900717 en el archivo logs/closed.log - 18/11/15 17:18
verifico el tkt IM02000155 en el archivo logs/closed.log - 18/11/15 17:18
verifico el tkt IM02000148 en el archivo logs/closed.log - 18/11/15 17:18
verifico el tkt IM02000026 en el archivo logs/closed.log - 18/11/15 17:18
verifico el tkt IM0575296 en el archivo logs/closed.log - 18/11/15 17:18
verifico el tkt IM0575266 en el archivo logs/closed.log - 18/11/15 17:18
verifico el tkt IM0575297 en el archivo logs/closed.log - 18/11/15 17:18
verifico el tkt IM02000160 en el archivo logs/closed.log - 18/11/15 17:18
verifico el tkt IM02000217 en el archivo logs/closed.log - 18/11/15 17:18
verifico el tkt IM02000735 en el archivo logs/closed.log - 18/11/15 17:18
verifico el tkt IM02000728 en el archivo logs/closed.log - 18/11/15 17:18
verifico el tkt IM02000455 en el archivo logs/closed.log - 18/11/15 17:18
verifico el tkt IM02000712 en el archivo logs/closed.log - 18/11/15 17:18
verifico el tkt IM02000708 en el archivo logs/closed.log - 18/11/15 17:18
verifico el tkt IM02000754 en el archivo logs/closed.log - 18/11/15 17:18
verifico el tkt IM02000863 en el archivo logs/closed.log - 18/11/15 17:18
Timer created! - 18/11/15 17:19
schedule 12.0hs - 18/11/15 17:19
TASKER INIT! - 18/11/15 17:19
init_server - 18/11/15 17:19
Response Code : 200 - 18/11/15 17:19
Comunication success...   - 18/11/15 17:19
Response Code : 200 - 18/11/15 17:19
Comunication success...   - 18/11/15 17:19
Existen 51 tickets... - 18/11/15 17:19
verifico el tkt IM0548946 en el archivo logs/closed.log - 18/11/15 17:19
verifico el tkt IM0561094 en el archivo logs/closed.log - 18/11/15 17:19
verifico el tkt IM0560292 en el archivo logs/closed.log - 18/11/15 17:19
verifico el tkt IM00560568 en el archivo logs/closed.log - 18/11/15 17:19
verifico el tkt IM00566430 en el archivo logs/closed.log - 18/11/15 17:19
verifico el tkt IM0570927 en el archivo logs/closed.log - 18/11/15 17:19
verifico el tkt IM02000784 en el archivo logs/closed.log - 18/11/15 17:19
verifico el tkt IM00570953 en el archivo logs/closed.log - 18/11/15 17:19
verifico el tkt IM00572125 en el archivo logs/closed.log - 18/11/15 17:19
verifico el tkt IM0571718 en el archivo logs/closed.log - 18/11/15 17:19
verifico el tkt IM0571187 en el archivo logs/closed.log - 18/11/15 17:19
verifico el tkt IM00572561 en el archivo logs/closed.log - 18/11/15 17:19
verifico el tkt IM00574096 en el archivo logs/closed.log - 18/11/15 17:19
verifico el tkt IM0572673 en el archivo logs/closed.log - 18/11/15 17:19
verifico el tkt IM00572373 en el archivo logs/closed.log - 18/11/15 17:19
verifico el tkt IM02000882 en el archivo logs/closed.log - 18/11/15 17:19
verifico el tkt IM00573451 en el archivo logs/closed.log - 18/11/15 17:19
verifico el tkt IM02000866 en el archivo logs/closed.log - 18/11/15 17:19
verifico el tkt IM0575302 en el archivo logs/closed.log - 18/11/15 17:19
verifico el tkt IM00573786 en el archivo logs/closed.log - 18/11/15 17:19
verifico el tkt IM00573957 en el archivo logs/closed.log - 18/11/15 17:19
verifico el tkt IM00573804 en el archivo logs/closed.log - 18/11/15 17:19
verifico el tkt IM0574117 en el archivo logs/closed.log - 18/11/15 17:19
verifico el tkt IM02000858 en el archivo logs/closed.log - 18/11/15 17:19
verifico el tkt IM02000840 en el archivo logs/closed.log - 18/11/15 17:19
verifico el tkt IM02000833 en el archivo logs/closed.log - 18/11/15 17:19
verifico el tkt IM00574369 en el archivo logs/closed.log - 18/11/15 17:19
verifico el tkt IM02000820 en el archivo logs/closed.log - 18/11/15 17:19
verifico el tkt IM00575279 en el archivo logs/closed.log - 18/11/15 17:19
verifico el tkt IM0 2000203 en el archivo logs/closed.log - 18/11/15 17:19
verifico el tkt IM00574673 en el archivo logs/closed.log - 18/11/15 17:19
verifico el tkt IM02000750 en el archivo logs/closed.log - 18/11/15 17:19
verifico el tkt IM00575033 en el archivo logs/closed.log - 18/11/15 17:19
verifico el tkt IM0575293 en el archivo logs/closed.log - 18/11/15 17:19
verifico el tkt IM00900722 en el archivo logs/closed.log - 18/11/15 17:19
verifico el tkt IM00900717 en el archivo logs/closed.log - 18/11/15 17:19
verifico el tkt IM02000155 en el archivo logs/closed.log - 18/11/15 17:19
verifico el tkt IM02000148 en el archivo logs/closed.log - 18/11/15 17:19
verifico el tkt IM02000026 en el archivo logs/closed.log - 18/11/15 17:19
verifico el tkt IM0575296 en el archivo logs/closed.log - 18/11/15 17:19
verifico el tkt IM0575266 en el archivo logs/closed.log - 18/11/15 17:19
verifico el tkt IM0575297 en el archivo logs/closed.log - 18/11/15 17:19
verifico el tkt IM02000160 en el archivo logs/closed.log - 18/11/15 17:19
verifico el tkt IM02000217 en el archivo logs/closed.log - 18/11/15 17:19
verifico el tkt IM02000735 en el archivo logs/closed.log - 18/11/15 17:19
verifico el tkt IM02000728 en el archivo logs/closed.log - 18/11/15 17:19
verifico el tkt IM02000455 en el archivo logs/closed.log - 18/11/15 17:19
verifico el tkt IM02000712 en el archivo logs/closed.log - 18/11/15 17:19
verifico el tkt IM02000708 en el archivo logs/closed.log - 18/11/15 17:19
verifico el tkt IM02000754 en el archivo logs/closed.log - 18/11/15 17:19
verifico el tkt IM02000863 en el archivo logs/closed.log - 18/11/15 17:19
Timer created! - 18/11/15 17:46
schedule 12.0hs - 18/11/15 17:46
TASKER INIT! - 18/11/15 17:46
init_server - 18/11/15 17:46
Response Code : 200 - 18/11/15 17:46
Comunication success...   - 18/11/15 17:46
Response Code : 200 - 18/11/15 17:47
Comunication success...   - 18/11/15 17:47
Existen 51 tickets... - 18/11/15 17:47
verifico el tkt IM0548946 en el archivo logs/closed.log - 18/11/15 17:47
verifico el tkt IM0561094 en el archivo logs/closed.log - 18/11/15 17:47
verifico el tkt IM0560292 en el archivo logs/closed.log - 18/11/15 17:47
verifico el tkt IM00560568 en el archivo logs/closed.log - 18/11/15 17:47
verifico el tkt IM00566430 en el archivo logs/closed.log - 18/11/15 17:47
verifico el tkt IM0570927 en el archivo logs/closed.log - 18/11/15 17:47
verifico el tkt IM02000784 en el archivo logs/closed.log - 18/11/15 17:47
verifico el tkt IM00570953 en el archivo logs/closed.log - 18/11/15 17:47
verifico el tkt IM00572125 en el archivo logs/closed.log - 18/11/15 17:47
verifico el tkt IM0571718 en el archivo logs/closed.log - 18/11/15 17:47
verifico el tkt IM0571187 en el archivo logs/closed.log - 18/11/15 17:47
verifico el tkt IM00572561 en el archivo logs/closed.log - 18/11/15 17:47
verifico el tkt IM00574096 en el archivo logs/closed.log - 18/11/15 17:47
verifico el tkt IM0572673 en el archivo logs/closed.log - 18/11/15 17:47
verifico el tkt IM00572373 en el archivo logs/closed.log - 18/11/15 17:47
verifico el tkt IM02000882 en el archivo logs/closed.log - 18/11/15 17:47
verifico el tkt IM00573451 en el archivo logs/closed.log - 18/11/15 17:47
verifico el tkt IM02000866 en el archivo logs/closed.log - 18/11/15 17:47
verifico el tkt IM0575302 en el archivo logs/closed.log - 18/11/15 17:47
verifico el tkt IM00573786 en el archivo logs/closed.log - 18/11/15 17:47
verifico el tkt IM00573957 en el archivo logs/closed.log - 18/11/15 17:47
verifico el tkt IM00573804 en el archivo logs/closed.log - 18/11/15 17:47
verifico el tkt IM0574117 en el archivo logs/closed.log - 18/11/15 17:47
verifico el tkt IM02000858 en el archivo logs/closed.log - 18/11/15 17:47
verifico el tkt IM02000840 en el archivo logs/closed.log - 18/11/15 17:47
verifico el tkt IM02000833 en el archivo logs/closed.log - 18/11/15 17:47
verifico el tkt IM00574369 en el archivo logs/closed.log - 18/11/15 17:47
verifico el tkt IM02000820 en el archivo logs/closed.log - 18/11/15 17:47
verifico el tkt IM00575279 en el archivo logs/closed.log - 18/11/15 17:47
verifico el tkt IM0 2000203 en el archivo logs/closed.log - 18/11/15 17:47
verifico el tkt IM00574673 en el archivo logs/closed.log - 18/11/15 17:47
verifico el tkt IM02000750 en el archivo logs/closed.log - 18/11/15 17:47
verifico el tkt IM00575033 en el archivo logs/closed.log - 18/11/15 17:47
verifico el tkt IM0575293 en el archivo logs/closed.log - 18/11/15 17:47
verifico el tkt IM00900722 en el archivo logs/closed.log - 18/11/15 17:47
verifico el tkt IM00900717 en el archivo logs/closed.log - 18/11/15 17:47
verifico el tkt IM02000155 en el archivo logs/closed.log - 18/11/15 17:47
verifico el tkt IM02000148 en el archivo logs/closed.log - 18/11/15 17:47
verifico el tkt IM02000026 en el archivo logs/closed.log - 18/11/15 17:47
verifico el tkt IM0575296 en el archivo logs/closed.log - 18/11/15 17:47
verifico el tkt IM0575266 en el archivo logs/closed.log - 18/11/15 17:47
verifico el tkt IM0575297 en el archivo logs/closed.log - 18/11/15 17:47
verifico el tkt IM02000160 en el archivo logs/closed.log - 18/11/15 17:47
verifico el tkt IM02000217 en el archivo logs/closed.log - 18/11/15 17:47
verifico el tkt IM02000735 en el archivo logs/closed.log - 18/11/15 17:47
verifico el tkt IM02000728 en el archivo logs/closed.log - 18/11/15 17:47
verifico el tkt IM02000455 en el archivo logs/closed.log - 18/11/15 17:47
verifico el tkt IM02000712 en el archivo logs/closed.log - 18/11/15 17:47
verifico el tkt IM02000708 en el archivo logs/closed.log - 18/11/15 17:47
verifico el tkt IM02000754 en el archivo logs/closed.log - 18/11/15 17:47
verifico el tkt IM02000863 en el archivo logs/closed.log - 18/11/15 17:47
Timer created! - 18/11/15 17:48
schedule 12.0hs - 18/11/15 17:48
TASKER INIT! - 18/11/15 17:48
init_server - 18/11/15 17:48
Response Code : 200 - 18/11/15 17:48
Comunication success...   - 18/11/15 17:48
Response Code : 200 - 18/11/15 17:48
Comunication success...   - 18/11/15 17:48
Existen 51 tickets... - 18/11/15 17:48
verifico el tkt IM0548946 en el archivo logs/closed.log - 18/11/15 17:48
verifico el tkt IM0561094 en el archivo logs/closed.log - 18/11/15 17:48
verifico el tkt IM0560292 en el archivo logs/closed.log - 18/11/15 17:48
verifico el tkt IM00560568 en el archivo logs/closed.log - 18/11/15 17:48
verifico el tkt IM00566430 en el archivo logs/closed.log - 18/11/15 17:48
verifico el tkt IM0570927 en el archivo logs/closed.log - 18/11/15 17:48
verifico el tkt IM02000784 en el archivo logs/closed.log - 18/11/15 17:48
verifico el tkt IM00570953 en el archivo logs/closed.log - 18/11/15 17:48
verifico el tkt IM00572125 en el archivo logs/closed.log - 18/11/15 17:48
verifico el tkt IM0571718 en el archivo logs/closed.log - 18/11/15 17:48
verifico el tkt IM0571187 en el archivo logs/closed.log - 18/11/15 17:48
verifico el tkt IM00572561 en el archivo logs/closed.log - 18/11/15 17:48
verifico el tkt IM00574096 en el archivo logs/closed.log - 18/11/15 17:48
verifico el tkt IM0572673 en el archivo logs/closed.log - 18/11/15 17:48
verifico el tkt IM00572373 en el archivo logs/closed.log - 18/11/15 17:48
verifico el tkt IM02000882 en el archivo logs/closed.log - 18/11/15 17:48
verifico el tkt IM00573451 en el archivo logs/closed.log - 18/11/15 17:48
verifico el tkt IM02000866 en el archivo logs/closed.log - 18/11/15 17:48
verifico el tkt IM0575302 en el archivo logs/closed.log - 18/11/15 17:48
verifico el tkt IM00573786 en el archivo logs/closed.log - 18/11/15 17:48
verifico el tkt IM00573957 en el archivo logs/closed.log - 18/11/15 17:48
verifico el tkt IM00573804 en el archivo logs/closed.log - 18/11/15 17:48
verifico el tkt IM0574117 en el archivo logs/closed.log - 18/11/15 17:48
verifico el tkt IM02000858 en el archivo logs/closed.log - 18/11/15 17:48
verifico el tkt IM02000840 en el archivo logs/closed.log - 18/11/15 17:48
verifico el tkt IM02000833 en el archivo logs/closed.log - 18/11/15 17:48
verifico el tkt IM00574369 en el archivo logs/closed.log - 18/11/15 17:48
verifico el tkt IM02000820 en el archivo logs/closed.log - 18/11/15 17:48
verifico el tkt IM00575279 en el archivo logs/closed.log - 18/11/15 17:48
verifico el tkt IM0 2000203 en el archivo logs/closed.log - 18/11/15 17:48
verifico el tkt IM00574673 en el archivo logs/closed.log - 18/11/15 17:48
verifico el tkt IM02000750 en el archivo logs/closed.log - 18/11/15 17:48
verifico el tkt IM00575033 en el archivo logs/closed.log - 18/11/15 17:48
verifico el tkt IM0575293 en el archivo logs/closed.log - 18/11/15 17:48
verifico el tkt IM00900722 en el archivo logs/closed.log - 18/11/15 17:48
verifico el tkt IM00900717 en el archivo logs/closed.log - 18/11/15 17:48
verifico el tkt IM02000155 en el archivo logs/closed.log - 18/11/15 17:48
verifico el tkt IM02000148 en el archivo logs/closed.log - 18/11/15 17:48
verifico el tkt IM02000026 en el archivo logs/closed.log - 18/11/15 17:48
verifico el tkt IM0575296 en el archivo logs/closed.log - 18/11/15 17:48
verifico el tkt IM0575266 en el archivo logs/closed.log - 18/11/15 17:48
verifico el tkt IM0575297 en el archivo logs/closed.log - 18/11/15 17:48
verifico el tkt IM02000160 en el archivo logs/closed.log - 18/11/15 17:48
verifico el tkt IM02000217 en el archivo logs/closed.log - 18/11/15 17:48
verifico el tkt IM02000735 en el archivo logs/closed.log - 18/11/15 17:48
verifico el tkt IM02000728 en el archivo logs/closed.log - 18/11/15 17:48
verifico el tkt IM02000455 en el archivo logs/closed.log - 18/11/15 17:48
verifico el tkt IM02000712 en el archivo logs/closed.log - 18/11/15 17:48
verifico el tkt IM02000708 en el archivo logs/closed.log - 18/11/15 17:48
verifico el tkt IM02000754 en el archivo logs/closed.log - 18/11/15 17:48
verifico el tkt IM02000863 en el archivo logs/closed.log - 18/11/15 17:48
Timer created! - 18/11/15 17:51
schedule 12.0hs - 18/11/15 17:51
TASKER INIT! - 18/11/15 17:51
init_server - 18/11/15 17:51
Response Code : 200 - 18/11/15 17:51
Comunication success...   - 18/11/15 17:51
Timer created! - 18/11/15 17:51
schedule 12.0hs - 18/11/15 17:51
TASKER INIT! - 18/11/15 17:51
init_server - 18/11/15 17:51
Response Code : 200 - 18/11/15 17:51
Comunication success...   - 18/11/15 17:51
Response Code : 200 - 18/11/15 17:52
Comunication success...   - 18/11/15 17:52
Existen 51 tickets... - 18/11/15 17:52
verifico el tkt IM0548946 en el archivo logs/closed.log - 18/11/15 17:52
verifico el tkt IM0561094 en el archivo logs/closed.log - 18/11/15 17:52
verifico el tkt IM0560292 en el archivo logs/closed.log - 18/11/15 17:52
verifico el tkt IM00560568 en el archivo logs/closed.log - 18/11/15 17:52
verifico el tkt IM00566430 en el archivo logs/closed.log - 18/11/15 17:52
verifico el tkt IM0570927 en el archivo logs/closed.log - 18/11/15 17:52
verifico el tkt IM02000784 en el archivo logs/closed.log - 18/11/15 17:52
verifico el tkt IM00570953 en el archivo logs/closed.log - 18/11/15 17:52
verifico el tkt IM00572125 en el archivo logs/closed.log - 18/11/15 17:52
verifico el tkt IM0571718 en el archivo logs/closed.log - 18/11/15 17:52
verifico el tkt IM0571187 en el archivo logs/closed.log - 18/11/15 17:52
verifico el tkt IM00572561 en el archivo logs/closed.log - 18/11/15 17:52
verifico el tkt IM00574096 en el archivo logs/closed.log - 18/11/15 17:52
verifico el tkt IM0572673 en el archivo logs/closed.log - 18/11/15 17:52
verifico el tkt IM00572373 en el archivo logs/closed.log - 18/11/15 17:52
verifico el tkt IM02000882 en el archivo logs/closed.log - 18/11/15 17:52
verifico el tkt IM00573451 en el archivo logs/closed.log - 18/11/15 17:52
verifico el tkt IM02000866 en el archivo logs/closed.log - 18/11/15 17:52
verifico el tkt IM0575302 en el archivo logs/closed.log - 18/11/15 17:52
verifico el tkt IM00573786 en el archivo logs/closed.log - 18/11/15 17:52
verifico el tkt IM00573957 en el archivo logs/closed.log - 18/11/15 17:52
verifico el tkt IM00573804 en el archivo logs/closed.log - 18/11/15 17:52
verifico el tkt IM0574117 en el archivo logs/closed.log - 18/11/15 17:52
verifico el tkt IM02000858 en el archivo logs/closed.log - 18/11/15 17:52
verifico el tkt IM02000840 en el archivo logs/closed.log - 18/11/15 17:52
verifico el tkt IM02000833 en el archivo logs/closed.log - 18/11/15 17:52
verifico el tkt IM00574369 en el archivo logs/closed.log - 18/11/15 17:52
verifico el tkt IM02000820 en el archivo logs/closed.log - 18/11/15 17:52
verifico el tkt IM00575279 en el archivo logs/closed.log - 18/11/15 17:52
verifico el tkt IM0 2000203 en el archivo logs/closed.log - 18/11/15 17:52
verifico el tkt IM00574673 en el archivo logs/closed.log - 18/11/15 17:52
verifico el tkt IM02000750 en el archivo logs/closed.log - 18/11/15 17:52
verifico el tkt IM00575033 en el archivo logs/closed.log - 18/11/15 17:52
verifico el tkt IM0575293 en el archivo logs/closed.log - 18/11/15 17:52
verifico el tkt IM00900722 en el archivo logs/closed.log - 18/11/15 17:52
verifico el tkt IM00900717 en el archivo logs/closed.log - 18/11/15 17:52
verifico el tkt IM02000155 en el archivo logs/closed.log - 18/11/15 17:52
verifico el tkt IM02000148 en el archivo logs/closed.log - 18/11/15 17:52
verifico el tkt IM02000026 en el archivo logs/closed.log - 18/11/15 17:52
verifico el tkt IM0575296 en el archivo logs/closed.log - 18/11/15 17:52
verifico el tkt IM0575266 en el archivo logs/closed.log - 18/11/15 17:52
verifico el tkt IM0575297 en el archivo logs/closed.log - 18/11/15 17:52
verifico el tkt IM02000160 en el archivo logs/closed.log - 18/11/15 17:52
verifico el tkt IM02000217 en el archivo logs/closed.log - 18/11/15 17:52
verifico el tkt IM02000735 en el archivo logs/closed.log - 18/11/15 17:52
verifico el tkt IM02000728 en el archivo logs/closed.log - 18/11/15 17:52
verifico el tkt IM02000455 en el archivo logs/closed.log - 18/11/15 17:52
verifico el tkt IM02000712 en el archivo logs/closed.log - 18/11/15 17:52
verifico el tkt IM02000708 en el archivo logs/closed.log - 18/11/15 17:52
verifico el tkt IM02000754 en el archivo logs/closed.log - 18/11/15 17:52
verifico el tkt IM02000863 en el archivo logs/closed.log - 18/11/15 17:52
Timer created! - 18/11/15 17:54
schedule 12.0hs - 18/11/15 17:54
TASKER INIT! - 18/11/15 17:54
init_server - 18/11/15 17:54
Response Code : 200 - 18/11/15 17:54
Comunication success...   - 18/11/15 17:54
Response Code : 200 - 18/11/15 17:55
Comunication success...   - 18/11/15 17:55
Existen 51 tickets... - 18/11/15 17:55
verifico el tkt IM0548946 en el archivo logs/closed.log - 18/11/15 17:55
verifico el tkt IM0561094 en el archivo logs/closed.log - 18/11/15 17:55
verifico el tkt IM0560292 en el archivo logs/closed.log - 18/11/15 17:55
verifico el tkt IM00560568 en el archivo logs/closed.log - 18/11/15 17:55
verifico el tkt IM00566430 en el archivo logs/closed.log - 18/11/15 17:55
verifico el tkt IM0570927 en el archivo logs/closed.log - 18/11/15 17:55
verifico el tkt IM02000784 en el archivo logs/closed.log - 18/11/15 17:55
verifico el tkt IM00570953 en el archivo logs/closed.log - 18/11/15 17:55
verifico el tkt IM00572125 en el archivo logs/closed.log - 18/11/15 17:55
verifico el tkt IM0571718 en el archivo logs/closed.log - 18/11/15 17:55
verifico el tkt IM0571187 en el archivo logs/closed.log - 18/11/15 17:55
verifico el tkt IM00572561 en el archivo logs/closed.log - 18/11/15 17:55
verifico el tkt IM00574096 en el archivo logs/closed.log - 18/11/15 17:55
verifico el tkt IM0572673 en el archivo logs/closed.log - 18/11/15 17:55
verifico el tkt IM00572373 en el archivo logs/closed.log - 18/11/15 17:55
verifico el tkt IM02000882 en el archivo logs/closed.log - 18/11/15 17:55
verifico el tkt IM00573451 en el archivo logs/closed.log - 18/11/15 17:55
verifico el tkt IM02000866 en el archivo logs/closed.log - 18/11/15 17:55
verifico el tkt IM0575302 en el archivo logs/closed.log - 18/11/15 17:55
verifico el tkt IM00573786 en el archivo logs/closed.log - 18/11/15 17:55
verifico el tkt IM00573957 en el archivo logs/closed.log - 18/11/15 17:55
verifico el tkt IM00573804 en el archivo logs/closed.log - 18/11/15 17:55
verifico el tkt IM0574117 en el archivo logs/closed.log - 18/11/15 17:55
verifico el tkt IM02000858 en el archivo logs/closed.log - 18/11/15 17:55
verifico el tkt IM02000840 en el archivo logs/closed.log - 18/11/15 17:55
verifico el tkt IM02000833 en el archivo logs/closed.log - 18/11/15 17:55
verifico el tkt IM00574369 en el archivo logs/closed.log - 18/11/15 17:55
verifico el tkt IM02000820 en el archivo logs/closed.log - 18/11/15 17:55
verifico el tkt IM00575279 en el archivo logs/closed.log - 18/11/15 17:55
verifico el tkt IM0 2000203 en el archivo logs/closed.log - 18/11/15 17:55
verifico el tkt IM00574673 en el archivo logs/closed.log - 18/11/15 17:55
verifico el tkt IM02000750 en el archivo logs/closed.log - 18/11/15 17:55
verifico el tkt IM00575033 en el archivo logs/closed.log - 18/11/15 17:55
verifico el tkt IM0575293 en el archivo logs/closed.log - 18/11/15 17:55
verifico el tkt IM00900722 en el archivo logs/closed.log - 18/11/15 17:55
verifico el tkt IM00900717 en el archivo logs/closed.log - 18/11/15 17:55
verifico el tkt IM02000155 en el archivo logs/closed.log - 18/11/15 17:55
verifico el tkt IM02000148 en el archivo logs/closed.log - 18/11/15 17:55
verifico el tkt IM02000026 en el archivo logs/closed.log - 18/11/15 17:55
verifico el tkt IM0575296 en el archivo logs/closed.log - 18/11/15 17:55
verifico el tkt IM0575266 en el archivo logs/closed.log - 18/11/15 17:55
verifico el tkt IM0575297 en el archivo logs/closed.log - 18/11/15 17:55
verifico el tkt IM02000160 en el archivo logs/closed.log - 18/11/15 17:55
verifico el tkt IM02000217 en el archivo logs/closed.log - 18/11/15 17:55
verifico el tkt IM02000735 en el archivo logs/closed.log - 18/11/15 17:55
verifico el tkt IM02000728 en el archivo logs/closed.log - 18/11/15 17:55
verifico el tkt IM02000455 en el archivo logs/closed.log - 18/11/15 17:55
verifico el tkt IM02000712 en el archivo logs/closed.log - 18/11/15 17:55
verifico el tkt IM02000708 en el archivo logs/closed.log - 18/11/15 17:55
verifico el tkt IM02000754 en el archivo logs/closed.log - 18/11/15 17:55
verifico el tkt IM02000863 en el archivo logs/closed.log - 18/11/15 17:55
Timer created! - 18/11/15 18:10
schedule 12.0hs - 18/11/15 18:10
TASKER INIT! - 18/11/15 18:10
init_server - 18/11/15 18:10
Response Code : 200 - 18/11/15 18:10
Comunication success...   - 18/11/15 18:10
Response Code : 200 - 18/11/15 18:10
Comunication success...   - 18/11/15 18:10
Existen 51 tickets... - 18/11/15 18:10
verifico el tkt IM0548946 en el archivo logs/closed.log - 18/11/15 18:10
verifico el tkt IM0561094 en el archivo logs/closed.log - 18/11/15 18:10
verifico el tkt IM0560292 en el archivo logs/closed.log - 18/11/15 18:10
verifico el tkt IM00560568 en el archivo logs/closed.log - 18/11/15 18:10
verifico el tkt IM00566430 en el archivo logs/closed.log - 18/11/15 18:10
verifico el tkt IM0570927 en el archivo logs/closed.log - 18/11/15 18:10
verifico el tkt IM02000784 en el archivo logs/closed.log - 18/11/15 18:10
verifico el tkt IM00570953 en el archivo logs/closed.log - 18/11/15 18:10
verifico el tkt IM00572125 en el archivo logs/closed.log - 18/11/15 18:10
verifico el tkt IM0571718 en el archivo logs/closed.log - 18/11/15 18:10
verifico el tkt IM0571187 en el archivo logs/closed.log - 18/11/15 18:10
verifico el tkt IM00572561 en el archivo logs/closed.log - 18/11/15 18:10
verifico el tkt IM00574096 en el archivo logs/closed.log - 18/11/15 18:10
verifico el tkt IM0572673 en el archivo logs/closed.log - 18/11/15 18:10
verifico el tkt IM00572373 en el archivo logs/closed.log - 18/11/15 18:10
verifico el tkt IM02000882 en el archivo logs/closed.log - 18/11/15 18:10
verifico el tkt IM00573451 en el archivo logs/closed.log - 18/11/15 18:10
verifico el tkt IM002000866 en el archivo logs/closed.log - 18/11/15 18:10
verifico el tkt IM0575302 en el archivo logs/closed.log - 18/11/15 18:10
verifico el tkt IM00573786 en el archivo logs/closed.log - 18/11/15 18:10
verifico el tkt IM00573957 en el archivo logs/closed.log - 18/11/15 18:10
verifico el tkt IM00573804 en el archivo logs/closed.log - 18/11/15 18:10
verifico el tkt IM0574117 en el archivo logs/closed.log - 18/11/15 18:10
verifico el tkt IM002000858 en el archivo logs/closed.log - 18/11/15 18:10
verifico el tkt IM002000840 en el archivo logs/closed.log - 18/11/15 18:10
verifico el tkt IM002000833 en el archivo logs/closed.log - 18/11/15 18:10
verifico el tkt IM00574369 en el archivo logs/closed.log - 18/11/15 18:10
verifico el tkt IM002000820 en el archivo logs/closed.log - 18/11/15 18:10
verifico el tkt IM00575279 en el archivo logs/closed.log - 18/11/15 18:10
verifico el tkt IM0 2000203 en el archivo logs/closed.log - 18/11/15 18:10
verifico el tkt IM00574673 en el archivo logs/closed.log - 18/11/15 18:10
verifico el tkt IM002000750 en el archivo logs/closed.log - 18/11/15 18:10
verifico el tkt IM00575033 en el archivo logs/closed.log - 18/11/15 18:10
verifico el tkt IM0575293 en el archivo logs/closed.log - 18/11/15 18:10
verifico el tkt IM000900722 en el archivo logs/closed.log - 18/11/15 18:10
verifico el tkt IM000900717 en el archivo logs/closed.log - 18/11/15 18:10
verifico el tkt IM002000155 en el archivo logs/closed.log - 18/11/15 18:10
verifico el tkt IM002000148 en el archivo logs/closed.log - 18/11/15 18:10
verifico el tkt IM002000026 en el archivo logs/closed.log - 18/11/15 18:10
verifico el tkt IM0575296 en el archivo logs/closed.log - 18/11/15 18:10
verifico el tkt IM0575266 en el archivo logs/closed.log - 18/11/15 18:10
verifico el tkt IM0575297 en el archivo logs/closed.log - 18/11/15 18:10
verifico el tkt IM002000160 en el archivo logs/closed.log - 18/11/15 18:10
verifico el tkt IM002000217 en el archivo logs/closed.log - 18/11/15 18:10
verifico el tkt IM002000735 en el archivo logs/closed.log - 18/11/15 18:10
verifico el tkt IM002000728 en el archivo logs/closed.log - 18/11/15 18:10
verifico el tkt IM02000455 en el archivo logs/closed.log - 18/11/15 18:10
verifico el tkt IM002000712 en el archivo logs/closed.log - 18/11/15 18:10
verifico el tkt IM002000708 en el archivo logs/closed.log - 18/11/15 18:10
verifico el tkt IM002000754 en el archivo logs/closed.log - 18/11/15 18:10
verifico el tkt IM02000863 en el archivo logs/closed.log - 18/11/15 18:10
Timer created! - 18/11/15 18:13
schedule 12.0hs - 18/11/15 18:13
TASKER INIT! - 18/11/15 18:13
init_server - 18/11/15 18:13
Response Code : 200 - 18/11/15 18:13
Comunication success...   - 18/11/15 18:13
Response Code : 200 - 18/11/15 18:13
Comunication success...   - 18/11/15 18:13
Existen 51 tickets... - 18/11/15 18:13
verifico el tkt IM00548946 en el archivo logs/closed.log - 18/11/15 18:13
verifico el tkt IM00561094 en el archivo logs/closed.log - 18/11/15 18:13
verifico el tkt IM00560292 en el archivo logs/closed.log - 18/11/15 18:13
verifico el tkt IM00560568 en el archivo logs/closed.log - 18/11/15 18:13
verifico el tkt IM00566430 en el archivo logs/closed.log - 18/11/15 18:13
verifico el tkt IM00570927 en el archivo logs/closed.log - 18/11/15 18:13
verifico el tkt IM02000784 en el archivo logs/closed.log - 18/11/15 18:13
verifico el tkt IM00570953 en el archivo logs/closed.log - 18/11/15 18:13
verifico el tkt IM00572125 en el archivo logs/closed.log - 18/11/15 18:13
verifico el tkt IM00571718 en el archivo logs/closed.log - 18/11/15 18:13
verifico el tkt IM00571187 en el archivo logs/closed.log - 18/11/15 18:13
verifico el tkt IM00572561 en el archivo logs/closed.log - 18/11/15 18:13
verifico el tkt IM00574096 en el archivo logs/closed.log - 18/11/15 18:13
verifico el tkt IM00572673 en el archivo logs/closed.log - 18/11/15 18:13
verifico el tkt IM00572373 en el archivo logs/closed.log - 18/11/15 18:13
verifico el tkt IM02000882 en el archivo logs/closed.log - 18/11/15 18:13
verifico el tkt IM00573451 en el archivo logs/closed.log - 18/11/15 18:13
verifico el tkt IM02000866 en el archivo logs/closed.log - 18/11/15 18:13
verifico el tkt IM00575302 en el archivo logs/closed.log - 18/11/15 18:13
verifico el tkt IM00573786 en el archivo logs/closed.log - 18/11/15 18:13
verifico el tkt IM00573957 en el archivo logs/closed.log - 18/11/15 18:13
verifico el tkt IM00573804 en el archivo logs/closed.log - 18/11/15 18:13
verifico el tkt IM00574117 en el archivo logs/closed.log - 18/11/15 18:13
verifico el tkt IM02000858 en el archivo logs/closed.log - 18/11/15 18:13
verifico el tkt IM02000840 en el archivo logs/closed.log - 18/11/15 18:13
verifico el tkt IM02000833 en el archivo logs/closed.log - 18/11/15 18:13
verifico el tkt IM00574369 en el archivo logs/closed.log - 18/11/15 18:13
verifico el tkt IM02000820 en el archivo logs/closed.log - 18/11/15 18:13
verifico el tkt IM00575279 en el archivo logs/closed.log - 18/11/15 18:13
verifico el tkt IM02000203 en el archivo logs/closed.log - 18/11/15 18:13
verifico el tkt IM00574673 en el archivo logs/closed.log - 18/11/15 18:13
verifico el tkt IM02000750 en el archivo logs/closed.log - 18/11/15 18:13
verifico el tkt IM00575033 en el archivo logs/closed.log - 18/11/15 18:13
verifico el tkt IM00575293 en el archivo logs/closed.log - 18/11/15 18:13
verifico el tkt IM00900722 en el archivo logs/closed.log - 18/11/15 18:13
verifico el tkt IM00900717 en el archivo logs/closed.log - 18/11/15 18:13
verifico el tkt IM02000155 en el archivo logs/closed.log - 18/11/15 18:13
verifico el tkt IM02000148 en el archivo logs/closed.log - 18/11/15 18:13
verifico el tkt IM02000026 en el archivo logs/closed.log - 18/11/15 18:13
verifico el tkt IM00575296 en el archivo logs/closed.log - 18/11/15 18:13
verifico el tkt IM00575266 en el archivo logs/closed.log - 18/11/15 18:13
verifico el tkt IM00575297 en el archivo logs/closed.log - 18/11/15 18:13
verifico el tkt IM02000160 en el archivo logs/closed.log - 18/11/15 18:13
verifico el tkt IM02000217 en el archivo logs/closed.log - 18/11/15 18:13
verifico el tkt IM02000735 en el archivo logs/closed.log - 18/11/15 18:13
verifico el tkt IM02000728 en el archivo logs/closed.log - 18/11/15 18:13
verifico el tkt IM02000455 en el archivo logs/closed.log - 18/11/15 18:13
verifico el tkt IM02000712 en el archivo logs/closed.log - 18/11/15 18:13
verifico el tkt IM02000708 en el archivo logs/closed.log - 18/11/15 18:13
verifico el tkt IM02000754 en el archivo logs/closed.log - 18/11/15 18:13
verifico el tkt IM02000863 en el archivo logs/closed.log - 18/11/15 18:13
